Skipping dependency validation in offline mode
F:\Sauroraa 2k26\Sites\SauroraaRecords\mobile\node_modules\expo\node_modules\@expo\cli\build\src\utils\errors.js:130
    throw error;
    ^

Error: ENOENT: no such file or directory, watch 'F:\Sauroraa 2k26\Sites\SauroraaRecords\mobile\node_modules\@react-native-async-storage\async-storage\apple-frameworks\SharedAsyncStorage.xcframework'
    at FSWatcher.<computed> (node:internal/fs/watchers:254:19)
    at Object.watch (node:fs:2539:36)
    at FallbackWatcher._watchdir (F:\Sauroraa 2k26\Sites\SauroraaRecords\mobile\node_modules\metro-file-map\src\watchers\FallbackWatcher.js:119:33)
    at F:\Sauroraa 2k26\Sites\SauroraaRecords\mobile\node_modules\metro-file-map\src\watchers\FallbackWatcher.js:219:22
    at Walker.<anonymous> (F:\Sauroraa 2k26\Sites\SauroraaRecords\mobile\node_modules\metro-file-map\src\watchers\FallbackWatcher.js:358:5)
    at Walker.emit (node:events:508:28)
    at F:\Sauroraa 2k26\Sites\SauroraaRecords\mobile\node_modules\walker\lib\walker.js:69:16
    at FSReqCallback.oncomplete (node:fs:185:23) {
  errno: -4058,
  syscall: 'watch',
  code: 'ENOENT',
  path: 'F:\\Sauroraa 2k26\\Sites\\SauroraaRecords\\mobile\\node_modules\\@react-native-async-storage\\async-storage\\apple-frameworks\\SharedAsyncStorage.xcframework',
  filename: 'F:\\Sauroraa 2k26\\Sites\\SauroraaRecords\\mobile\\node_modules\\@react-native-async-storage\\async-storage\\apple-frameworks\\SharedAsyncStorage.xcframework'
}

Node.js v24.11.1
